[I 2024-12-27 19:19:55,578] A new study created in memory with name: no-name-df7f67bd-118f-44a8-91e4-dbade311592e
/home/sato-lab.org/takayu/anaconda3/envs/GARNA/lib/python3.9/site-packages/torch/_dynamo/eval_frame.py:632: UserWarning: torch.utils.checkpoint: the use_reentrant parameter should be passed explicitly. In version 2.5 we will raise an exception if use_reentrant is not passed. use_reentrant=False is recommended, but if you need to preserve the current default behavior, you can pass use_reentrant=True. Refer to docs for more details on the differences between the two variants.
  return fn(*args, **kwargs)
/home/sato-lab.org/takayu/anaconda3/envs/GARNA/lib/python3.9/site-packages/torch/utils/checkpoint.py:87: UserWarning: None of the inputs have requires_grad=True. Gradients will be None
  warnings.warn(
[I 2024-12-27 20:39:01,975] Trial 0 finished with values: [2.5154874324798584, 35.547088235616684] and parameters: {'mu': 500, 'ngen': 350, 'cxpb': 0.6}.
[I 2024-12-27 23:48:52,354] Trial 1 finished with values: [2.6356937885284424, 26.078270249068737] and parameters: {'mu': 600, 'ngen': 700, 'cxpb': 0.5}.
[I 2024-12-28 01:17:05,416] Trial 2 finished with values: [1.8967015743255615, 34.251632273197174] and parameters: {'mu': 300, 'ngen': 650, 'cxpb': 1.0}.
[I 2024-12-28 06:01:27,916] Trial 3 finished with values: [2.841682195663452, 28.708969458937645] and parameters: {'mu': 900, 'ngen': 700, 'cxpb': 0.8}.
[I 2024-12-28 08:44:06,156] Trial 4 finished with values: [2.741455078125, 29.292399555444717] and parameters: {'mu': 900, 'ngen': 400, 'cxpb': 0.75}.
[I 2024-12-28 09:47:30,325] Trial 5 finished with values: [2.5989880561828613, 36.49204105138779] and parameters: {'mu': 700, 'ngen': 200, 'cxpb': 0.65}.
[I 2024-12-28 13:24:09,821] Trial 6 finished with values: [2.6834006309509277, 36.369405910372734] and parameters: {'mu': 800, 'ngen': 600, 'cxpb': 0.9}.
[I 2024-12-28 13:44:30,046] Trial 7 finished with values: [2.6312406063079834, 32.11857268959284] and parameters: {'mu': 100, 'ngen': 450, 'cxpb': 0.75}.
[I 2024-12-28 13:58:18,166] Trial 8 finished with values: [2.51121187210083, 31.184332624077797] and parameters: {'mu': 600, 'ngen': 50, 'cxpb': 1.0}.
[I 2024-12-28 16:13:40,899] Trial 9 finished with values: [2.7850987911224365, 31.11183262616396] and parameters: {'mu': 400, 'ngen': 750, 'cxpb': 0.6}.
[I 2024-12-28 19:23:16,457] Trial 10 finished with values: [2.8026070594787598, 29.22392563521862] and parameters: {'mu': 700, 'ngen': 600, 'cxpb': 0.7}.
[I 2024-12-28 19:30:05,054] Trial 11 finished with values: [2.483718156814575, 31.160807251930237] and parameters: {'mu': 100, 'ngen': 150, 'cxpb': 0.75}.
[I 2024-12-28 20:01:56,582] Trial 12 finished with values: [2.632692337036133, 38.684739857912064] and parameters: {'mu': 700, 'ngen': 100, 'cxpb': 0.7}.
[I 2024-12-28 21:50:28,513] Trial 13 finished with values: [2.7853729724884033, 35.88939905166626] and parameters: {'mu': 800, 'ngen': 300, 'cxpb': 0.65}.
[I 2024-12-28 22:58:11,235] Trial 14 finished with values: [2.710017442703247, 34.917153999209404] and parameters: {'mu': 300, 'ngen': 500, 'cxpb': 0.5}.
[I 2024-12-28 23:34:36,355] Trial 15 finished with values: [2.498629331588745, 33.95433497428894] and parameters: {'mu': 800, 'ngen': 100, 'cxpb': 1.0}.
[I 2024-12-29 03:20:27,545] Trial 16 finished with values: [2.665024757385254, 31.77343651652336] and parameters: {'mu': 1000, 'ngen': 500, 'cxpb': 0.8}.
[I 2024-12-29 03:52:20,869] Trial 17 finished with values: [2.4100053310394287, 41.61666440963745] and parameters: {'mu': 700, 'ngen': 100, 'cxpb': 0.6}.
[I 2024-12-29 04:08:26,722] Trial 18 finished with values: [2.319793939590454, 26.133430659770966] and parameters: {'mu': 700, 'ngen': 50, 'cxpb': 0.5}.
[I 2024-12-29 06:32:56,514] Trial 19 finished with values: [2.790804624557495, 33.041500901803374] and parameters: {'mu': 400, 'ngen': 800, 'cxpb': 0.75}.
[I 2024-12-29 07:06:53,285] Trial 20 finished with values: [2.055027723312378, 34.85257793776691] and parameters: {'mu': 300, 'ngen': 250, 'cxpb': 1.0}.
[I 2024-12-29 08:07:50,872] Trial 21 finished with values: [2.6443607807159424, 31.054766602814198] and parameters: {'mu': 300, 'ngen': 450, 'cxpb': 0.95}.
[I 2024-12-29 10:56:57,651] Trial 22 finished with values: [2.629394292831421, 26.69183031283319] and parameters: {'mu': 500, 'ngen': 750, 'cxpb': 0.95}.
[I 2024-12-29 13:23:41,137] Trial 23 finished with values: [2.642683506011963, 30.838561855256557] and parameters: {'mu': 500, 'ngen': 650, 'cxpb': 0.9}.
[I 2024-12-29 15:12:06,331] Trial 24 finished with values: [2.690953016281128, 26.77383652329445] and parameters: {'mu': 400, 'ngen': 600, 'cxpb': 0.65}.
[I 2024-12-29 17:36:34,583] Trial 25 finished with values: [2.779557466506958, 29.949701704084873] and parameters: {'mu': 400, 'ngen': 800, 'cxpb': 0.65}.
[I 2024-12-29 19:52:22,286] Trial 26 finished with values: [2.692744016647339, 29.790701188147068] and parameters: {'mu': 1000, 'ngen': 300, 'cxpb': 0.6}.
[I 2024-12-29 21:56:40,815] Trial 27 finished with values: [2.6985092163085938, 29.800503872334957] and parameters: {'mu': 500, 'ngen': 550, 'cxpb': 0.9}.
[I 2024-12-29 22:44:11,209] Trial 28 finished with values: [2.722250461578369, 29.312990441918373] and parameters: {'mu': 300, 'ngen': 350, 'cxpb': 0.8500000000000001}.
[I 2024-12-30 00:25:45,044] Trial 29 finished with values: [2.4346888065338135, 37.28716807812452] and parameters: {'mu': 300, 'ngen': 750, 'cxpb': 0.55}.
[I 2024-12-30 05:50:40,700] Trial 30 finished with values: [2.673346757888794, 29.01256700605154] and parameters: {'mu': 900, 'ngen': 800, 'cxpb': 0.65}.
[I 2024-12-30 07:02:56,976] Trial 31 finished with values: [2.5701611042022705, 29.424006819725037] and parameters: {'mu': 400, 'ngen': 400, 'cxpb': 0.6}.
[I 2024-12-30 12:07:29,942] Trial 32 finished with values: [2.7359368801116943, 32.798147447407246] and parameters: {'mu': 900, 'ngen': 750, 'cxpb': 0.6}.
[I 2024-12-30 12:52:59,845] Trial 33 finished with values: [2.4034464359283447, 34.529622957110405] and parameters: {'mu': 1000, 'ngen': 100, 'cxpb': 0.65}.
[I 2024-12-30 14:41:21,981] Trial 34 finished with values: [2.7661895751953125, 32.34697039425373] and parameters: {'mu': 600, 'ngen': 400, 'cxpb': 0.8}.
[I 2024-12-30 16:00:31,843] Trial 35 finished with values: [2.5942001342773438, 34.33761049807072] and parameters: {'mu': 700, 'ngen': 250, 'cxpb': 0.8500000000000001}.
[I 2024-12-30 16:07:20,140] Trial 36 finished with values: [2.441721200942993, 24.07072441279888] and parameters: {'mu': 100, 'ngen': 150, 'cxpb': 0.8500000000000001}.
[I 2024-12-30 16:11:53,263] Trial 37 finished with values: [2.2122581005096436, 36.69805674254894] and parameters: {'mu': 100, 'ngen': 100, 'cxpb': 0.8}.
[I 2024-12-30 16:43:28,353] Trial 38 finished with values: [2.692554235458374, 29.791489653289318] and parameters: {'mu': 100, 'ngen': 700, 'cxpb': 0.8500000000000001}.
[I 2024-12-30 19:26:02,499] Trial 39 finished with values: [2.7674062252044678, 27.32548321597278] and parameters: {'mu': 800, 'ngen': 450, 'cxpb': 0.6}.
[I 2024-12-30 22:04:15,881] Trial 40 finished with values: [2.623713493347168, 34.58985750377178] and parameters: {'mu': 1000, 'ngen': 350, 'cxpb': 0.9}.
[I 2024-12-30 22:11:04,577] Trial 41 finished with values: [2.43513560295105, 28.326624765992165] and parameters: {'mu': 100, 'ngen': 150, 'cxpb': 0.8500000000000001}.
[I 2024-12-31 01:34:19,018] Trial 42 finished with values: [2.6935131549835205, 30.98813559114933] and parameters: {'mu': 900, 'ngen': 500, 'cxpb': 0.55}.
[I 2024-12-31 01:54:38,833] Trial 43 finished with values: [2.7648062705993652, 24.738964669406414] and parameters: {'mu': 100, 'ngen': 450, 'cxpb': 0.6}.
[I 2024-12-31 04:10:02,876] Trial 44 finished with values: [2.686082124710083, 31.053713880479336] and parameters: {'mu': 500, 'ngen': 600, 'cxpb': 0.65}.
[I 2024-12-31 07:46:42,539] Trial 45 finished with values: [2.6836159229278564, 38.146553583443165] and parameters: {'mu': 800, 'ngen': 600, 'cxpb': 0.55}.
[I 2024-12-31 08:00:28,893] Trial 46 finished with values: [2.1569111347198486, 24.516659513115883] and parameters: {'mu': 600, 'ngen': 50, 'cxpb': 0.55}.
[I 2024-12-31 08:09:39,533] Trial 47 finished with values: [2.3264105319976807, 32.57633736729622] and parameters: {'mu': 400, 'ngen': 50, 'cxpb': 0.6}.
[I 2024-12-31 14:10:33,141] Trial 48 finished with values: [2.8721086978912354, 31.773302845656872] and parameters: {'mu': 1000, 'ngen': 800, 'cxpb': 0.65}.
